#
# There is insufficient memory for the Java Runtime Environment to continue.
# Native memory allocation (malloc) failed to allocate 32744 bytes for ChunkPool::allocate
# Possible reasons:
#   The system is out of physical RAM or swap space
#   In 32 bit mode, the process size limit was hit
# Possible solutions:
#   Reduce memory load on the system
#   Increase physical memory or swap space
#   Check if swap backing store is full
#   Use 64 bit Java on a 64 bit OS
#   Decrease Java heap size (-Xmx/-Xms)
#   Decrease number of Java threads
#   Decrease Java thread stack sizes (-Xss)
#   Set larger code cache with -XX:ReservedCodeCacheSize=
# This output file may be truncated or incomplete.
#
#  Out of Memory Error (allocation.cpp:273), pid=13916, tid=0x00000000000032f0
#
# JRE version: Java(TM) SE Runtime Environment (8.0_181-b13) (build 1.8.0_181-b13)
# Java VM: Java HotSpot(TM) 64-Bit Server VM (25.181-b13 mixed mode windows-amd64 compressed oops)
# Failed to write core dump. Minidumps are not enabled by default on client versions of Windows
#

---------------  T H R E A D  ---------------

Current thread (0x00000000177a0000):  JavaThread "C2 CompilerThread0" daemon [_thread_in_native, id=13040, stack(0x0000000018e10000,0x0000000018f10000)]

Stack: [0x0000000018e10000,0x0000000018f10000]
[error occurred during error reporting (printing stack bounds), id 0xc0000005]

Native frames: (J=compiled Java code, j=interpreted, Vv=VM code, C=native code)


Current CompileTask:
C2:   3129 1572       4       java.net.URLClassLoader$1::run (5 bytes)


---------------  P R O C E S S  ---------------

Java Threads: ( => current thread )
  0x0000000019143000 JavaThread "Service Thread" daemon [_thread_blocked, id=3484, stack(0x0000000019510000,0x0000000019610000)]
  0x00000000177ad000 JavaThread "C1 CompilerThread2" daemon [_thread_in_native, id=7196, stack(0x0000000019010000,0x0000000019110000)]
  0x00000000177a6800 JavaThread "C2 CompilerThread1" daemon [_thread_in_native, id=5560, stack(0x0000000018f10000,0x0000000019010000)]
=>0x00000000177a0000 JavaThread "C2 CompilerThread0" daemon [_thread_in_native, id=13040, stack(0x0000000018e10000,0x0000000018f10000)]
  0x000000001779c800 JavaThread "Attach Listener" daemon [_thread_blocked, id=1040, stack(0x0000000018d10000,0x0000000018e10000)]
  0x000000001779b000 JavaThread "Signal Dispatcher" daemon [_thread_blocked, id=9812, stack(0x0000000018c10000,0x0000000018d10000)]
  0x0000000002c2b000 JavaThread "Finalizer" daemon [_thread_blocked, id=2540, stack(0x0000000018a10000,0x0000000018b10000)]
  0x0000000002c22000 JavaThread "Reference Handler" daemon [_thread_blocked, id=11432, stack(0x0000000018910000,0x0000000018a10000)]
  0x0000000002b32800 JavaThread "main" [_thread_in_native, id=13252, stack(0x0000000002940000,0x0000000002a40000)]

Other Threads:
  0x0000000017767800 VMThread [stack: 0x0000000018810000,0x0000000018910000] [id=4880]
  0x0000000019165000 WatcherThread [stack: 0x0000000019610000,0x0000000019710000] [id=12792]

VM state:not at safepoint (normal execution)

VM Mutex/Monitor currently owned by a thread: None

Heap:
 PSYoungGen      total 38400K, used 25774K [0x00000000d5c00000, 0x00000000d8680000, 0x0000000100000000)
  eden space 33280K, 62% used [0x00000000d5c00000,0x00000000d70310c8,0x00000000d7c80000)
  from space 5120K, 99% used [0x00000000d8180000,0x00000000d867a8e0,0x00000000d8680000)
  to   space 5120K, 0% used [0x00000000d7c80000,0x00000000d7c80000,0x00000000d8180000)
 ParOldGen       total 87552K, used 2226K [0x0000000081400000, 0x0000000086980000, 0x00000000d5c00000)
  object space 87552K, 2% used [0x0000000081400000,0x000000008162c8b0,0x0000000086980000)
 Metaspace       used 14965K, capacity 15088K, committed 15232K, reserved 1062912K
  class space    used 1831K, capacity 1904K, committed 1920K, reserved 1048576K

Card table byte_map: [0x0000000011ff0000,0x00000000123f0000] byte_map_base: 0x0000000011be6000

Marking Bits: (ParMarkBitMap*) 0x0000000052cf2d00
 Begin Bits: [0x0000000012aa0000, 0x0000000014a50000)
 End Bits:   [0x0000000014a50000, 0x0000000016a00000)

Polling page: 0x0000000000b70000

CodeCache: size=245760Kb used=5566Kb max_used=5580Kb free=240193Kb
 bounds [0x0000000002c30000, 0x00000000031b0000, 0x0000000011c30000]
 total_blobs=1944 nmethods=1589 adapters=267
 compilation: enabled

Compilation events (10 events):
Event: 2.948 Thread 0x00000000177ad000 nmethod 1588 0x00000000031a0150 code [0x00000000031a02c0, 0x00000000031a0528]
Event: 2.948 Thread 0x00000000177ad000 1589       3       java.util.IdentityHashMap::<init> (11 bytes)
Event: 2.948 Thread 0x00000000177ad000 nmethod 1589 0x000000000319fb90 code [0x000000000319fd00, 0x00000000031a0010]
Event: 2.948 Thread 0x00000000177ad000 1590       3       java.util.regex.Matcher::reset (83 bytes)
Event: 2.949 Thread 0x00000000177ad000 nmethod 1590 0x000000000319f390 code [0x000000000319f520, 0x000000000319f9c8]
Event: 2.949 Thread 0x00000000177ad000 1591       3       java.util.ArrayList::toArray (60 bytes)
Event: 2.950 Thread 0x00000000177ad000 nmethod 1591 0x00000000031a1fd0 code [0x00000000031a2160, 0x00000000031a2718]
Event: 2.959 Thread 0x00000000177a6800 nmethod 1584 0x00000000031a5d10 code [0x00000000031a5ec0, 0x00000000031a6768]
Event: 2.959 Thread 0x00000000177a6800 1585       4       org.codehaus.plexus.util.xml.pull.MXParser::parseStartTag (1195 bytes)
Event: 3.006 Thread 0x00000000177ad000 1592       3       sun.nio.cs.UTF_8$Decoder::decode (779 bytes)

GC Heap History (4 events):
Event: 1.313 GC heap before
{Heap before GC invocations=1 (full 0):
 PSYoungGen      total 38400K, used 33280K [0x00000000d5c00000, 0x00000000d8680000, 0x0000000100000000)
  eden space 33280K, 100% used [0x00000000d5c00000,0x00000000d7c80000,0x00000000d7c80000)
  from space 5120K, 0% used [0x00000000d8180000,0x00000000d8180000,0x00000000d8680000)
  to   space 5120K, 0% used [0x00000000d7c80000,0x00000000d7c80000,0x00000000d8180000)
 ParOldGen       total 87552K, used 0K [0x0000000081400000, 0x0000000086980000, 0x00000000d5c00000)
  object space 87552K, 0% used [0x0000000081400000,0x0000000081400000,0x0000000086980000)
 Metaspace       used 8393K, capacity 8540K, committed 8832K, reserved 1056768K
  class space    used 1015K, capacity 1080K, committed 1152K, reserved 1048576K
Event: 1.321 GC heap after
Heap after GC invocations=1 (full 0):
 PSYoungGen      total 38400K, used 5099K [0x00000000d5c00000, 0x00000000d8680000, 0x0000000100000000)
  eden space 33280K, 0% used [0x00000000d5c00000,0x00000000d5c00000,0x00000000d7c80000)
  from space 5120K, 99% used [0x00000000d7c80000,0x00000000d817aea0,0x00000000d8180000)
  to   space 5120K, 0% used [0x00000000d8180000,0x00000000d8180000,0x00000000d8680000)
 ParOldGen       total 87552K, used 306K [0x0000000081400000, 0x0000000086980000, 0x00000000d5c00000)
  object space 87552K, 0% used [0x0000000081400000,0x000000008144c9b0,0x0000000086980000)
 Metaspace       used 8393K, capacity 8540K, committed 8832K, reserved 1056768K
  class space    used 1015K, capacity 1080K, committed 1152K, reserved 1048576K
}
Event: 2.089 GC heap before
{Heap before GC invocations=2 (full 0):
 PSYoungGen      total 38400K, used 38379K [0x00000000d5c00000, 0x00000000d8680000, 0x0000000100000000)
  eden space 33280K, 100% used [0x00000000d5c00000,0x00000000d7c80000,0x00000000d7c80000)
  from space 5120K, 99% used [0x00000000d7c80000,0x00000000d817aea0,0x00000000d8180000)
  to   space 5120K, 0% used [0x00000000d8180000,0x00000000d8180000,0x00000000d8680000)
 ParOldGen       total 87552K, used 306K [0x0000000081400000, 0x0000000086980000, 0x00000000d5c00000)
  object space 87552K, 0% used [0x0000000081400000,0x000000008144c9b0,0x0000000086980000)
 Metaspace       used 11871K, capacity 12052K, committed 12416K, reserved 1060864K
  class space    used 1472K, capacity 1542K, committed 1664K, reserved 1048576K
Event: 2.100 GC heap after
Heap after GC invocations=2 (full 0):
 PSYoungGen      total 38400K, used 5098K [0x00000000d5c00000, 0x00000000d8680000, 0x0000000100000000)
  eden space 33280K, 0% used [0x00000000d5c00000,0x00000000d5c00000,0x00000000d7c80000)
  from space 5120K, 99% used [0x00000000d8180000,0x00000000d867a8e0,0x00000000d8680000)
  to   space 5120K, 0% used [0x00000000d7c80000,0x00000000d7c80000,0x00000000d8180000)
 ParOldGen       total 87552K, used 2226K [0x0000000081400000, 0x0000000086980000, 0x00000000d5c00000)
  object space 87552K, 2% used [0x0000000081400000,0x000000008162c8b0,0x0000000086980000)
 Metaspace       used 11871K, capacity 12052K, committed 12416K, reserved 1060864K
  class space    used 1472K, capacity 1542K, committed 1664K, reserved 1048576K
}

Deoptimization events (10 events):
Event: 2.426 Thread 0x0000000002b32800 Uncommon trap: reason=unstable_if action=reinterpret pc=0x0000000003128f10 method=org.eclipse.sisu.inject.InjectorBindings.isAssignableFrom(Lcom/google/inject/TypeLiteral;Lcom/google/inject/Binding;)Z @ 14
Event: 2.622 Thread 0x0000000002b32800 Uncommon trap: reason=unstable_if action=reinterpret pc=0x0000000002dd6d94 method=java.lang.String.replace(CC)Ljava/lang/String; @ 2
Event: 2.631 Thread 0x0000000002b32800 Uncommon trap: reason=unstable_if action=reinterpret pc=0x0000000003097d10 method=java.lang.String.substring(I)Ljava/lang/String; @ 35
Event: 2.647 Thread 0x0000000002b32800 Uncommon trap: reason=unstable_if action=reinterpret pc=0x0000000002edc0f4 method=org.codehaus.plexus.util.xml.pull.MXParser.nextImpl()I @ 241
Event: 2.830 Thread 0x0000000002b32800 Uncommon trap: reason=predicate action=maybe_recompile pc=0x0000000002fd83a0 method=java.lang.String.regionMatches(ZILjava/lang/String;II)Z @ 63
Event: 2.884 Thread 0x0000000002b32800 Uncommon trap: reason=bimorphic action=maybe_recompile pc=0x00000000031607bc method=java.util.regex.Pattern$CharProperty.match(Ljava/util/regex/Matcher;ILjava/lang/CharSequence;)Z @ 37
Event: 2.886 Thread 0x0000000002b32800 Uncommon trap: reason=bimorphic action=maybe_recompile pc=0x00000000031607bc method=java.util.regex.Pattern$CharProperty.match(Ljava/util/regex/Matcher;ILjava/lang/CharSequence;)Z @ 37
Event: 2.948 Thread 0x0000000002b32800 Uncommon trap: reason=bimorphic action=maybe_recompile pc=0x00000000031607bc method=java.util.regex.Pattern$CharProperty.match(Ljava/util/regex/Matcher;ILjava/lang/CharSequence;)Z @ 37
Event: 2.949 Thread 0x0000000002b32800 Uncommon trap: reason=bimorphic action=maybe_recompile pc=0x00000000031607bc method=java.util.regex.Pattern$CharProperty.match(Ljava/util/regex/Matcher;ILjava/lang/CharSequence;)Z @ 37
Event: 3.006 Thread 0x0000000002b32800 Uncommon trap: reason=unstable_if action=reinterpret pc=0x0000000002e7f284 method=sun.nio.cs.UTF_8$Decoder.decode([BII[C)I @ 30

Classes redefined (0 events):
No events

Internal exceptions (10 events):
Event: 1.306 Thread 0x0000000002b32800 Exception <a 'java/lang/ArrayIndexOutOfBoundsException': 66> (0x00000000d7bca7e8) thrown at [C:\re\workspace\8-2-build-windows-amd64-cygwin\jdk8u181\11358\hotspot\src\share\vm\interpreter\interpreterRuntime.cpp, line 366]
Event: 2.292 Thread 0x0000000002b32800 Exception <a 'java/lang/NoClassDefFoundError': com/google/inject/servlet/ServletModuleTargetVisitor> (0x00000000d62cf6b8) thrown at [C:\re\workspace\8-2-build-windows-amd64-cygwin\jdk8u181\11358\hotspot\src\share\vm\classfile\systemDictionary.cpp, line 19
Event: 2.292 Thread 0x0000000002b32800 Exception <a 'java/lang/NoClassDefFoundError'> (0x00000000d62cf6b8) thrown at [C:\re\workspace\8-2-build-windows-amd64-cygwin\jdk8u181\11358\hotspot\src\share\vm\prims\jvm.cpp, line 1439]
Event: 2.292 Thread 0x0000000002b32800 Exception <a 'java/lang/NoClassDefFoundError': javax/annotation/Priority> (0x00000000d62d44a8) thrown at [C:\re\workspace\8-2-build-windows-amd64-cygwin\jdk8u181\11358\hotspot\src\share\vm\classfile\systemDictionary.cpp, line 199]
Event: 2.522 Thread 0x0000000002b32800 Exception <a 'java/lang/NullPointerException'> (0x00000000d68b1120) thrown at [C:\re\workspace\8-2-build-windows-amd64-cygwin\jdk8u181\11358\hotspot\src\share\vm\interpreter\linkResolver.cpp, line 1185]
Event: 2.522 Thread 0x0000000002b32800 Exception <a 'java/lang/NullPointerException'> (0x00000000d68b1338) thrown at [C:\re\workspace\8-2-build-windows-amd64-cygwin\jdk8u181\11358\hotspot\src\share\vm\interpreter\linkResolver.cpp, line 1185]
Event: 2.522 Thread 0x0000000002b32800 Exception <a 'java/lang/NullPointerException'> (0x00000000d68b1550) thrown at [C:\re\workspace\8-2-build-windows-amd64-cygwin\jdk8u181\11358\hotspot\src\share\vm\interpreter\linkResolver.cpp, line 1185]
Event: 2.523 Thread 0x0000000002b32800 Exception <a 'java/lang/NullPointerException'> (0x00000000d68b97a8) thrown at [C:\re\workspace\8-2-build-windows-amd64-cygwin\jdk8u181\11358\hotspot\src\share\vm\interpreter\linkResolver.cpp, line 1185]
Event: 2.523 Thread 0x0000000002b32800 Exception <a 'java/lang/NullPointerException'> (0x00000000d68b99c0) thrown at [C:\re\workspace\8-2-build-windows-amd64-cygwin\jdk8u181\11358\hotspot\src\share\vm\interpreter\linkResolver.cpp, line 1185]
Event: 2.523 Thread 0x0000000002b32800 Exception <a 'java/lang/NullPointerException'> (0x00000000d68b9bd8) thrown at [C:\re\workspace\8-2-build-windows-amd64-cygwin\jdk8u181\11358\hotspot\src\share\vm\interpreter\linkResolver.cpp, line 1185]

Events (10 events):
Event: 2.946 loading class org/apache/maven/model/ActivationFile done
Event: 2.948 Thread 0x0000000002b32800 Uncommon trap: trap_request=0xffffffc6 fr.pc=0x00000000031607bc
Event: 2.948 Thread 0x0000000002b32800 DEOPT PACKING pc=0x00000000031607bc sp=0x0000000002a3d5a0
Event: 2.948 Thread 0x0000000002b32800 DEOPT UNPACKING pc=0x0000000002c7583b sp=0x0000000002a3d558 mode 2
Event: 2.949 Thread 0x0000000002b32800 Uncommon trap: trap_request=0xffffffc6 fr.pc=0x00000000031607bc
Event: 2.949 Thread 0x0000000002b32800 DEOPT PACKING pc=0x00000000031607bc sp=0x0000000002a3d5a0
Event: 2.949 Thread 0x0000000002b32800 DEOPT UNPACKING pc=0x0000000002c7583b sp=0x0000000002a3d558 mode 2
Event: 3.006 Thread 0x0000000002b32800 Uncommon trap: trap_request=0xffffff65 fr.pc=0x0000000002e7f284
Event: 3.006 Thread 0x0000000002b32800 DEOPT PACKING pc=0x0000000002e7f284 sp=0x0000000002a3d740
Event: 3.006 Thread 0x0000000002b32800 DEOPT UNPACKING pc=0x0000000002c7583b sp=0x0000000002a3d698 mode 2


Dynamic libraries:
0x00007ff742fb0000 - 0x00007ff742fe7000 	C:\Program Files\Java\jdk1.8.0_181\bin\java.exe
0x00007ff9c8e00000 - 0x00007ff9c8ff0000 	C:\WINDOWS\SYSTEM32\ntdll.dll
0x00007ff9c7160000 - 0x00007ff9c7212000 	C:\WINDOWS\System32\KERNEL32.DLL
0x00007ff9c6930000 - 0x00007ff9c6bd4000 	C:\WINDOWS\System32\KERNELBASE.dll
0x00007ff9c8d10000 - 0x00007ff9c8db3000 	C:\WINDOWS\System32\ADVAPI32.dll
0x00007ff9c8a40000 - 0x00007ff9c8ade000 	C:\WINDOWS\System32\msvcrt.dll
0x00007ff9c6f20000 - 0x00007ff9c6fb7000 	C:\WINDOWS\System32\sechost.dll
0x00007ff9c7e60000 - 0x00007ff9c7f80000 	C:\WINDOWS\System32\RPCRT4.dll
0x00007ff9c6fc0000 - 0x00007ff9c7155000 	C:\WINDOWS\System32\USER32.dll
0x00007ff9c6150000 - 0x00007ff9c6171000 	C:\WINDOWS\System32\win32u.dll
0x00007ff9c8800000 - 0x00007ff9c8826000 	C:\WINDOWS\System32\GDI32.dll
0x00007ff9c5e00000 - 0x00007ff9c5f96000 	C:\WINDOWS\System32\gdi32full.dll
0x00007ff9c6de0000 - 0x00007ff9c6e7e000 	C:\WINDOWS\System32\msvcp_win.dll
0x00007ff9c6ce0000 - 0x00007ff9c6dda000 	C:\WINDOWS\System32\ucrtbase.dll
0x00007ff9a2130000 - 0x00007ff9a23b4000 	C:\WINDOWS\WinSxS\amd64_microsoft.windows.common-controls_6595b64144ccf1df_6.0.18362.1016_none_9e7a36bbe461dae4\COMCTL32.dll
0x00007ff9c84c0000 - 0x00007ff9c87f5000 	C:\WINDOWS\System32\combase.dll
0x00007ff9c5d80000 - 0x00007ff9c5e00000 	C:\WINDOWS\System32\bcryptPrimitives.dll
0x00007ff9c8b90000 - 0x00007ff9c8bbe000 	C:\WINDOWS\System32\IMM32.DLL
0x0000000054660000 - 0x0000000054732000 	C:\Program Files\Java\jdk1.8.0_181\jre\bin\msvcr100.dll
0x00000000524d0000 - 0x0000000052d72000 	C:\Program Files\Java\jdk1.8.0_181\jre\bin\server\jvm.dll
0x00007ff9c7300000 - 0x00007ff9c7308000 	C:\WINDOWS\System32\PSAPI.DLL
0x00007ff9b9850000 - 0x00007ff9b985a000 	C:\WINDOWS\SYSTEM32\VERSION.dll
0x00007ff9adba0000 - 0x00007ff9adba9000 	C:\WINDOWS\SYSTEM32\WSOCK32.dll
0x00007ff9c1f30000 - 0x00007ff9c1f54000 	C:\WINDOWS\SYSTEM32\WINMM.dll
0x00007ff9c7d10000 - 0x00007ff9c7d7f000 	C:\WINDOWS\System32\WS2_32.dll
0x00007ff9c1f00000 - 0x00007ff9c1f2d000 	C:\WINDOWS\SYSTEM32\winmmbase.dll
0x00007ff9c6c90000 - 0x00007ff9c6cda000 	C:\WINDOWS\System32\cfgmgr32.dll
0x0000000055550000 - 0x000000005555f000 	C:\Program Files\Java\jdk1.8.0_181\jre\bin\verify.dll
0x0000000054630000 - 0x0000000054659000 	C:\Program Files\Java\jdk1.8.0_181\jre\bin\java.dll
0x0000000055530000 - 0x0000000055546000 	C:\Program Files\Java\jdk1.8.0_181\jre\bin\zip.dll
0x00007ff9c74e0000 - 0x00007ff9c7bc7000 	C:\WINDOWS\System32\SHELL32.dll
0x00007ff9c8ae0000 - 0x00007ff9c8b89000 	C:\WINDOWS\System32\shcore.dll
0x00007ff9c6180000 - 0x00007ff9c6902000 	C:\WINDOWS\System32\windows.storage.dll
0x00007ff9c5ce0000 - 0x00007ff9c5d03000 	C:\WINDOWS\System32\profapi.dll
0x00007ff9c5d10000 - 0x00007ff9c5d5a000 	C:\WINDOWS\System32\powrprof.dll
0x00007ff9c5cb0000 - 0x00007ff9c5cc0000 	C:\WINDOWS\System32\UMPDC.dll
0x00007ff9c72a0000 - 0x00007ff9c72f2000 	C:\WINDOWS\System32\shlwapi.dll
0x00007ff9c5cc0000 - 0x00007ff9c5cd1000 	C:\WINDOWS\System32\kernel.appcore.dll
0x00007ff9c6910000 - 0x00007ff9c6927000 	C:\WINDOWS\System32\cryptsp.dll
0x00007ff9c1de0000 - 0x00007ff9c1dea000 	C:\Program Files\apache-maven-3.6.3\lib\jansi-native\windows64\jansi.dll
0x0000000054610000 - 0x000000005462a000 	C:\Program Files\Java\jdk1.8.0_181\jre\bin\net.dll
0x00007ff9c5460000 - 0x00007ff9c54c7000 	C:\WINDOWS\system32\mswsock.dll
0x00000000545f0000 - 0x0000000054601000 	C:\Program Files\Java\jdk1.8.0_181\jre\bin\nio.dll

VM Arguments:
jvm_args: -Dclassworlds.conf=C:\Program Files\apache-maven-3.6.3\bin\..\bin\m2.conf -Dmaven.home=C:\Program Files\apache-maven-3.6.3\bin\.. -Dlibrary.jansi.path=C:\Program Files\apache-maven-3.6.3\bin\..\lib\jansi-native -Dmaven.multiModuleProjectDirectory=E:\projects\coda\myapp 
java_command: org.codehaus.plexus.classworlds.launcher.Launcher package
java_class_path (initial): C:\Program Files\apache-maven-3.6.3\bin\..\boot\plexus-classworlds-2.6.0.jar
Launcher Type: SUN_STANDARD

Environment Variables:
PATH=E:\123\venv\Scripts\;C:\Program Files\nodejs\;C:\WINDOWS\system32;C:\WINDOWS;C:\WINDOWS\System32\Wbem;C:\WINDOWS\System32\WindowsPowerShell\v1.0\;C:\WINDOWS\System32\OpenSSH\;C:\app_binaries\MinGW\bin;C:\Program Files\Git\cmd;C:\Program Files\Git LFS;C:\Program Files\Amazon\AWSCLI\;C:\app_binaries\mysql-8.0.21-winx64\bin;C:\Program Files\Java\jdk1.8.0_181\bin;C:\Program Files (x86)\Java\jdk1.8.0_191\bin;C:\Program Files\Docker\Docker\resources\bin;C:\ProgramData\DockerDesktop\version-bin;C:\Program Files\apache-maven-3.6.3\bin;C:\Windows\System32;C:\Users\Admin\AppData\Roaming\npm;C:\Users\Admin\AppData\Local\Microsoft\WindowsApps;;C:\Users\Admin\AppData\Local\Programs\Microsoft VS Code\bin
USERNAME=Admin
OS=Windows_NT
PROCESSOR_IDENTIFIER=Intel64 Family 6 Model 78 Stepping 3, GenuineIntel



---------------  S Y S T E M  ---------------

OS: Windows 10.0 , 64 bit Build 18362 (10.0.18362.959)

CPU:total 4 (initial active 4) (2 cores per cpu, 2 threads per core) family 6 model 78 stepping 3, cmov, cx8, fxsr, mmx, sse, sse2, sse3, ssse3, sse4.1, sse4.2, popcnt, avx, avx2, aes, clmul, erms, 3dnowpref, lzcnt, ht, tsc, tscinvbit, bmi1, bmi2, adx

Memory: 4k page, physical 8303528k(441256k free), swap 27439524k(2124k free)

vm_info: Java HotSpot(TM) 64-Bit Server VM (25.181-b13) for windows-amd64 JRE (1.8.0_181-b13), built on Jul  7 2018 04:01:33 by "java_re" with MS VC++ 10.0 (VS2010)

time: Fri Aug 21 21:20:52 2020
elapsed time: 3 seconds (0d 0h 0m 3s)

