#
# There is insufficient memory for the Java Runtime Environment to continue.
# Native memory allocation (malloc) failed to allocate 475232 bytes for Chunk::new
# Possible reasons:
#   The system is out of physical RAM or swap space
#   In 32 bit mode, the process size limit was hit
# Possible solutions:
#   Reduce memory load on the system
#   Increase physical memory or swap space
#   Check if swap backing store is full
#   Use 64 bit Java on a 64 bit OS
#   Decrease Java heap size (-Xmx/-Xms)
#   Decrease number of Java threads
#   Decrease Java thread stack sizes (-Xss)
#   Set larger code cache with -XX:ReservedCodeCacheSize=
# This output file may be truncated or incomplete.
#
#  Out of Memory Error (allocation.cpp:390), pid=4056, tid=0x0000000000002684
#
# JRE version: Java(TM) SE Runtime Environment (8.0_181-b13) (build 1.8.0_181-b13)
# Java VM: Java HotSpot(TM) 64-Bit Server VM (25.181-b13 mixed mode windows-amd64 compressed oops)
# Failed to write core dump. Minidumps are not enabled by default on client versions of Windows
#

---------------  T H R E A D  ---------------

Current thread (0x0000000017ba5000):  JavaThread "C2 CompilerThread1" daemon [_thread_in_native, id=9860, stack(0x0000000019310000,0x0000000019410000)]

Stack: [0x0000000019310000,0x0000000019410000]
[error occurred during error reporting (printing stack bounds), id 0xc0000005]

Native frames: (J=compiled Java code, j=interpreted, Vv=VM code, C=native code)


Current CompileTask:
C2:   2845 1457   !   4       java.net.URL::<init> (543 bytes)


---------------  P R O C E S S  ---------------

Java Threads: ( => current thread )
  0x0000000017bfd800 JavaThread "Service Thread" daemon [_thread_blocked, id=14004, stack(0x0000000019910000,0x0000000019a10000)]
  0x0000000017bad800 JavaThread "C1 CompilerThread2" daemon [_thread_blocked, id=1332, stack(0x0000000019410000,0x0000000019510000)]
=>0x0000000017ba5000 JavaThread "C2 CompilerThread1" daemon [_thread_in_native, id=9860, stack(0x0000000019310000,0x0000000019410000)]
  0x0000000017ba2000 JavaThread "C2 CompilerThread0" daemon [_thread_blocked, id=10732, stack(0x0000000019210000,0x0000000019310000)]
  0x0000000017b9f000 JavaThread "Attach Listener" daemon [_thread_blocked, id=7192, stack(0x0000000019110000,0x0000000019210000)]
  0x0000000017b9d800 JavaThread "Signal Dispatcher" daemon [_thread_blocked, id=9364, stack(0x0000000019010000,0x0000000019110000)]
  0x000000000302e000 JavaThread "Finalizer" daemon [_thread_blocked, id=14212, stack(0x0000000018e10000,0x0000000018f10000)]
  0x0000000017b68800 JavaThread "Reference Handler" daemon [_thread_blocked, id=11640, stack(0x0000000018d10000,0x0000000018e10000)]
  0x0000000002f32800 JavaThread "main" [_thread_in_vm, id=3904, stack(0x0000000002e30000,0x0000000002f30000)]

Other Threads:
  0x0000000017b67800 VMThread [stack: 0x0000000018c10000,0x0000000018d10000] [id=9796]
  0x000000001955e000 WatcherThread [stack: 0x0000000019a10000,0x0000000019b10000] [id=10472]

VM state:not at safepoint (normal execution)

VM Mutex/Monitor currently owned by a thread: None

Heap:
 PSYoungGen      total 38400K, used 22545K [0x00000000d5c00000, 0x00000000da700000, 0x0000000100000000)
  eden space 33280K, 52% used [0x00000000d5c00000,0x00000000d6d07ca0,0x00000000d7c80000)
  from space 5120K, 99% used [0x00000000d8180000,0x00000000d867caa0,0x00000000d8680000)
  to   space 5120K, 0% used [0x00000000d7c80000,0x00000000d7c80000,0x00000000d8180000)
 ParOldGen       total 87552K, used 2179K [0x0000000081400000, 0x0000000086980000, 0x00000000d5c00000)
  object space 87552K, 2% used [0x0000000081400000,0x0000000081620ec8,0x0000000086980000)
 Metaspace       used 14373K, capacity 14544K, committed 14720K, reserved 1062912K
  class space    used 1769K, capacity 1872K, committed 1920K, reserved 1048576K

Card table byte_map: [0x00000000123f0000,0x00000000127f0000] byte_map_base: 0x0000000011fe6000

Marking Bits: (ParMarkBitMap*) 0x0000000052df2d00
 Begin Bits: [0x0000000012ea0000, 0x0000000014e50000)
 End Bits:   [0x0000000014e50000, 0x0000000016e00000)

Polling page: 0x0000000001140000

CodeCache: size=245760Kb used=5345Kb max_used=5355Kb free=240414Kb
 bounds [0x0000000003030000, 0x0000000003570000, 0x0000000012030000]
 total_blobs=1886 nmethods=1547 adapters=251
 compilation: enabled

Compilation events (10 events):
Event: 2.762 Thread 0x0000000017ba2000 1529       4       java.util.regex.Pattern$CharProperty::match (56 bytes)
Event: 2.770 Thread 0x0000000017ba2000 nmethod 1529 0x0000000003560f50 code [0x0000000003561120, 0x0000000003561928]
Event: 2.789 Thread 0x0000000017bad800 1530       3       java.lang.ClassLoader::getResource (36 bytes)
Event: 2.790 Thread 0x0000000017bad800 nmethod 1530 0x0000000003564e90 code [0x0000000003565060, 0x00000000035656d8]
Event: 2.790 Thread 0x0000000017bad800 1531       3       java.net.URLClassLoader::findResource (37 bytes)
Event: 2.791 Thread 0x0000000017bad800 nmethod 1531 0x000000000355d610 code [0x000000000355d7c0, 0x000000000355dcd8]
Event: 2.791 Thread 0x0000000017bad800 1532       3       java.util.HashSet::<init> (16 bytes)
Event: 2.791 Thread 0x0000000017bad800 nmethod 1532 0x0000000003564710 code [0x00000000035648a0, 0x0000000003564cb0]
Event: 2.791 Thread 0x0000000017bad800 1533       3       org.apache.maven.model.io.xpp3.MavenXpp3ReaderEx::checkFieldWithDuplicate (75 bytes)
Event: 2.792 Thread 0x0000000017bad800 nmethod 1533 0x00000000035630d0 code [0x0000000003563320, 0x0000000003564098]

GC Heap History (4 events):
Event: 1.449 GC heap before
{Heap before GC invocations=1 (full 0):
 PSYoungGen      total 38400K, used 33280K [0x00000000d5c00000, 0x00000000d8680000, 0x0000000100000000)
  eden space 33280K, 100% used [0x00000000d5c00000,0x00000000d7c80000,0x00000000d7c80000)
  from space 5120K, 0% used [0x00000000d8180000,0x00000000d8180000,0x00000000d8680000)
  to   space 5120K, 0% used [0x00000000d7c80000,0x00000000d7c80000,0x00000000d8180000)
 ParOldGen       total 87552K, used 0K [0x0000000081400000, 0x0000000086980000, 0x00000000d5c00000)
  object space 87552K, 0% used [0x0000000081400000,0x0000000081400000,0x0000000086980000)
 Metaspace       used 8393K, capacity 8540K, committed 8832K, reserved 1056768K
  class space    used 1013K, capacity 1080K, committed 1152K, reserved 1048576K
Event: 1.459 GC heap after
Heap after GC invocations=1 (full 0):
 PSYoungGen      total 38400K, used 5119K [0x00000000d5c00000, 0x00000000d8680000, 0x0000000100000000)
  eden space 33280K, 0% used [0x00000000d5c00000,0x00000000d5c00000,0x00000000d7c80000)
  from space 5120K, 99% used [0x00000000d7c80000,0x00000000d817ff88,0x00000000d8180000)
  to   space 5120K, 0% used [0x00000000d8180000,0x00000000d8180000,0x00000000d8680000)
 ParOldGen       total 87552K, used 220K [0x0000000081400000, 0x0000000086980000, 0x00000000d5c00000)
  object space 87552K, 0% used [0x0000000081400000,0x0000000081437150,0x0000000086980000)
 Metaspace       used 8393K, capacity 8540K, committed 8832K, reserved 1056768K
  class space    used 1013K, capacity 1080K, committed 1152K, reserved 1048576K
}
Event: 2.259 GC heap before
{Heap before GC invocations=2 (full 0):
 PSYoungGen      total 38400K, used 38399K [0x00000000d5c00000, 0x00000000d8680000, 0x0000000100000000)
  eden space 33280K, 100% used [0x00000000d5c00000,0x00000000d7c80000,0x00000000d7c80000)
  from space 5120K, 99% used [0x00000000d7c80000,0x00000000d817ff88,0x00000000d8180000)
  to   space 5120K, 0% used [0x00000000d8180000,0x00000000d8180000,0x00000000d8680000)
 ParOldGen       total 87552K, used 220K [0x0000000081400000, 0x0000000086980000, 0x00000000d5c00000)
  object space 87552K, 0% used [0x0000000081400000,0x0000000081437150,0x0000000086980000)
 Metaspace       used 11851K, capacity 12052K, committed 12416K, reserved 1060864K
  class space    used 1467K, capacity 1542K, committed 1664K, reserved 1048576K
Event: 2.271 GC heap after
Heap after GC invocations=2 (full 0):
 PSYoungGen      total 38400K, used 5106K [0x00000000d5c00000, 0x00000000da700000, 0x0000000100000000)
  eden space 33280K, 0% used [0x00000000d5c00000,0x00000000d5c00000,0x00000000d7c80000)
  from space 5120K, 99% used [0x00000000d8180000,0x00000000d867caa0,0x00000000d8680000)
  to   space 5120K, 0% used [0x00000000d7c80000,0x00000000d7c80000,0x00000000d8180000)
 ParOldGen       total 87552K, used 2179K [0x0000000081400000, 0x0000000086980000, 0x00000000d5c00000)
  object space 87552K, 2% used [0x0000000081400000,0x0000000081620ec8,0x0000000086980000)
 Metaspace       used 11851K, capacity 12052K, committed 12416K, reserved 1060864K
  class space    used 1467K, capacity 1542K, committed 1664K, reserved 1048576K
}

Deoptimization events (10 events):
Event: 0.777 Thread 0x0000000002f32800 Uncommon trap: reason=unstable_if action=reinterpret pc=0x00000000031c9a08 method=java.lang.String.indexOf([CII[CIII)I @ 3
Event: 1.095 Thread 0x0000000002f32800 Uncommon trap: reason=unstable_if action=reinterpret pc=0x000000000329e13c method=java.util.HashMap.getNode(ILjava/lang/Object;)Ljava/util/HashMap$Node; @ 129
Event: 1.121 Thread 0x0000000002f32800 Uncommon trap: reason=unstable_if action=reinterpret pc=0x00000000032ac794 method=java.nio.charset.CoderResult.isOverflow()Z @ 5
Event: 1.168 Thread 0x0000000002f32800 Uncommon trap: reason=unstable_if action=reinterpret pc=0x00000000032cfb68 method=java.nio.charset.CoderResult.isOverflow()Z @ 5
Event: 1.225 Thread 0x0000000002f32800 Uncommon trap: reason=unstable_if action=reinterpret pc=0x00000000032e9fb0 method=sun.nio.cs.StreamDecoder.implRead([CII)I @ 71
Event: 1.320 Thread 0x0000000002f32800 Uncommon trap: reason=unstable_if action=reinterpret pc=0x00000000032fa868 method=org.codehaus.plexus.util.xml.pull.MXParser.nextImpl()I @ 241
Event: 1.323 Thread 0x0000000002f32800 Uncommon trap: reason=unstable_if action=reinterpret pc=0x00000000032e7808 method=java.io.Reader.read()I @ 12
Event: 1.427 Thread 0x0000000002f32800 Uncommon trap: reason=unstable_if action=reinterpret pc=0x00000000032a1688 method=java.util.HashMap.getNode(ILjava/lang/Object;)Ljava/util/HashMap$Node; @ 129
Event: 1.445 Thread 0x0000000002f32800 Uncommon trap: reason=range_check action=make_not_entrant pc=0x00000000032f8ba0 method=sun.reflect.generics.parser.SignatureParser.current()C @ 34
Event: 2.631 Thread 0x0000000002f32800 Uncommon trap: reason=unstable_if action=reinterpret pc=0x0000000003532c50 method=org.eclipse.sisu.inject.InjectorBindings.isAssignableFrom(Lcom/google/inject/TypeLiteral;Lcom/google/inject/Binding;)Z @ 14

Classes redefined (0 events):
No events

Internal exceptions (10 events):
Event: 1.446 Thread 0x0000000002f32800 Exception <a 'java/lang/ArrayIndexOutOfBoundsException': 66> (0x00000000d7c18fa0) thrown at [C:\re\workspace\8-2-build-windows-amd64-cygwin\jdk8u181\11358\hotspot\src\share\vm\interpreter\interpreterRuntime.cpp, line 366]
Event: 2.487 Thread 0x0000000002f32800 Exception <a 'java/lang/NoClassDefFoundError': com/google/inject/servlet/ServletModuleTargetVisitor> (0x00000000d63010c8) thrown at [C:\re\workspace\8-2-build-windows-amd64-cygwin\jdk8u181\11358\hotspot\src\share\vm\classfile\systemDictionary.cpp, line 19
Event: 2.487 Thread 0x0000000002f32800 Exception <a 'java/lang/NoClassDefFoundError'> (0x00000000d63010c8) thrown at [C:\re\workspace\8-2-build-windows-amd64-cygwin\jdk8u181\11358\hotspot\src\share\vm\prims\jvm.cpp, line 1439]
Event: 2.487 Thread 0x0000000002f32800 Exception <a 'java/lang/NoClassDefFoundError': javax/annotation/Priority> (0x00000000d6305eb8) thrown at [C:\re\workspace\8-2-build-windows-amd64-cygwin\jdk8u181\11358\hotspot\src\share\vm\classfile\systemDictionary.cpp, line 199]
Event: 2.726 Thread 0x0000000002f32800 Exception <a 'java/lang/NullPointerException'> (0x00000000d68e1dd0) thrown at [C:\re\workspace\8-2-build-windows-amd64-cygwin\jdk8u181\11358\hotspot\src\share\vm\interpreter\linkResolver.cpp, line 1185]
Event: 2.726 Thread 0x0000000002f32800 Exception <a 'java/lang/NullPointerException'> (0x00000000d68e1fe8) thrown at [C:\re\workspace\8-2-build-windows-amd64-cygwin\jdk8u181\11358\hotspot\src\share\vm\interpreter\linkResolver.cpp, line 1185]
Event: 2.726 Thread 0x0000000002f32800 Exception <a 'java/lang/NullPointerException'> (0x00000000d68e2200) thrown at [C:\re\workspace\8-2-build-windows-amd64-cygwin\jdk8u181\11358\hotspot\src\share\vm\interpreter\linkResolver.cpp, line 1185]
Event: 2.727 Thread 0x0000000002f32800 Exception <a 'java/lang/NullPointerException'> (0x00000000d68ea458) thrown at [C:\re\workspace\8-2-build-windows-amd64-cygwin\jdk8u181\11358\hotspot\src\share\vm\interpreter\linkResolver.cpp, line 1185]
Event: 2.727 Thread 0x0000000002f32800 Exception <a 'java/lang/NullPointerException'> (0x00000000d68ea670) thrown at [C:\re\workspace\8-2-build-windows-amd64-cygwin\jdk8u181\11358\hotspot\src\share\vm\interpreter\linkResolver.cpp, line 1185]
Event: 2.727 Thread 0x0000000002f32800 Exception <a 'java/lang/NullPointerException'> (0x00000000d68ea888) thrown at [C:\re\workspace\8-2-build-windows-amd64-cygwin\jdk8u181\11358\hotspot\src\share\vm\interpreter\linkResolver.cpp, line 1185]

Events (10 events):
Event: 2.801 loading class org/codehaus/plexus/interpolation/AbstractDelegatingValueSource
Event: 2.801 loading class org/codehaus/plexus/interpolation/AbstractDelegatingValueSource done
Event: 2.802 loading class org/codehaus/plexus/interpolation/PrefixedValueSourceWrapper
Event: 2.802 loading class org/codehaus/plexus/interpolation/PrefixedValueSourceWrapper done
Event: 2.802 loading class org/codehaus/plexus/interpolation/FeedbackEnabledValueSource
Event: 2.802 loading class org/codehaus/plexus/interpolation/FeedbackEnabledValueSource done
Event: 2.803 loading class org/codehaus/plexus/interpolation/ObjectBasedValueSource
Event: 2.803 loading class org/codehaus/plexus/interpolation/ObjectBasedValueSource done
Event: 2.803 loading class org/apache/maven/model/interpolation/ProblemDetectingValueSource
Event: 2.803 loading class org/apache/maven/model/interpolation/ProblemDetectingValueSource done


Dynamic libraries:
0x00007ff7a59c0000 - 0x00007ff7a59f7000 	C:\Program Files\Java\jdk1.8.0_181\bin\java.exe
0x00007ff9c8e00000 - 0x00007ff9c8ff0000 	C:\WINDOWS\SYSTEM32\ntdll.dll
0x00007ff9c7160000 - 0x00007ff9c7212000 	C:\WINDOWS\System32\KERNEL32.DLL
0x00007ff9c6930000 - 0x00007ff9c6bd4000 	C:\WINDOWS\System32\KERNELBASE.dll
0x00007ff9c8d10000 - 0x00007ff9c8db3000 	C:\WINDOWS\System32\ADVAPI32.dll
0x00007ff9c8a40000 - 0x00007ff9c8ade000 	C:\WINDOWS\System32\msvcrt.dll
0x00007ff9c6f20000 - 0x00007ff9c6fb7000 	C:\WINDOWS\System32\sechost.dll
0x00007ff9c7e60000 - 0x00007ff9c7f80000 	C:\WINDOWS\System32\RPCRT4.dll
0x00007ff9c6fc0000 - 0x00007ff9c7155000 	C:\WINDOWS\System32\USER32.dll
0x00007ff9c6150000 - 0x00007ff9c6171000 	C:\WINDOWS\System32\win32u.dll
0x00007ff9c8800000 - 0x00007ff9c8826000 	C:\WINDOWS\System32\GDI32.dll
0x00007ff9c5e00000 - 0x00007ff9c5f96000 	C:\WINDOWS\System32\gdi32full.dll
0x00007ff9c6de0000 - 0x00007ff9c6e7e000 	C:\WINDOWS\System32\msvcp_win.dll
0x00007ff9c6ce0000 - 0x00007ff9c6dda000 	C:\WINDOWS\System32\ucrtbase.dll
0x00007ff9a2130000 - 0x00007ff9a23b4000 	C:\WINDOWS\WinSxS\amd64_microsoft.windows.common-controls_6595b64144ccf1df_6.0.18362.1016_none_9e7a36bbe461dae4\COMCTL32.dll
0x00007ff9c84c0000 - 0x00007ff9c87f5000 	C:\WINDOWS\System32\combase.dll
0x00007ff9c5d80000 - 0x00007ff9c5e00000 	C:\WINDOWS\System32\bcryptPrimitives.dll
0x00007ff9c8b90000 - 0x00007ff9c8bbe000 	C:\WINDOWS\System32\IMM32.DLL
0x00000000524f0000 - 0x00000000525c2000 	C:\Program Files\Java\jdk1.8.0_181\jre\bin\msvcr100.dll
0x00000000525d0000 - 0x0000000052e72000 	C:\Program Files\Java\jdk1.8.0_181\jre\bin\server\jvm.dll
0x00007ff9c7300000 - 0x00007ff9c7308000 	C:\WINDOWS\System32\PSAPI.DLL
0x00007ff9c1f30000 - 0x00007ff9c1f54000 	C:\WINDOWS\SYSTEM32\WINMM.dll
0x00007ff9adba0000 - 0x00007ff9adba9000 	C:\WINDOWS\SYSTEM32\WSOCK32.dll
0x00007ff9b9850000 - 0x00007ff9b985a000 	C:\WINDOWS\SYSTEM32\VERSION.dll
0x00007ff9c7d10000 - 0x00007ff9c7d7f000 	C:\WINDOWS\System32\WS2_32.dll
0x00007ff9c1f00000 - 0x00007ff9c1f2d000 	C:\WINDOWS\SYSTEM32\winmmbase.dll
0x00007ff9c6c90000 - 0x00007ff9c6cda000 	C:\WINDOWS\System32\cfgmgr32.dll
0x0000000055550000 - 0x000000005555f000 	C:\Program Files\Java\jdk1.8.0_181\jre\bin\verify.dll
0x0000000054bf0000 - 0x0000000054c19000 	C:\Program Files\Java\jdk1.8.0_181\jre\bin\java.dll
0x0000000055530000 - 0x0000000055546000 	C:\Program Files\Java\jdk1.8.0_181\jre\bin\zip.dll
0x00007ff9c74e0000 - 0x00007ff9c7bc7000 	C:\WINDOWS\System32\SHELL32.dll
0x00007ff9c8ae0000 - 0x00007ff9c8b89000 	C:\WINDOWS\System32\shcore.dll
0x00007ff9c6180000 - 0x00007ff9c6902000 	C:\WINDOWS\System32\windows.storage.dll
0x00007ff9c5ce0000 - 0x00007ff9c5d03000 	C:\WINDOWS\System32\profapi.dll
0x00007ff9c5d10000 - 0x00007ff9c5d5a000 	C:\WINDOWS\System32\powrprof.dll
0x00007ff9c5cb0000 - 0x00007ff9c5cc0000 	C:\WINDOWS\System32\UMPDC.dll
0x00007ff9c72a0000 - 0x00007ff9c72f2000 	C:\WINDOWS\System32\shlwapi.dll
0x00007ff9c5cc0000 - 0x00007ff9c5cd1000 	C:\WINDOWS\System32\kernel.appcore.dll
0x00007ff9c6910000 - 0x00007ff9c6927000 	C:\WINDOWS\System32\cryptsp.dll
0x00007ff9be520000 - 0x00007ff9be52a000 	C:\Program Files\apache-maven-3.6.3\lib\jansi-native\windows64\jansi.dll

VM Arguments:
jvm_args: -Dclassworlds.conf=C:\Program Files\apache-maven-3.6.3\bin\..\bin\m2.conf -Dmaven.home=C:\Program Files\apache-maven-3.6.3\bin\.. -Dlibrary.jansi.path=C:\Program Files\apache-maven-3.6.3\bin\..\lib\jansi-native -Dmaven.multiModuleProjectDirectory=E:\projects\coda\myapp 
java_command: org.codehaus.plexus.classworlds.launcher.Launcher clean compile
java_class_path (initial): C:\Program Files\apache-maven-3.6.3\bin\..\boot\plexus-classworlds-2.6.0.jar
Launcher Type: SUN_STANDARD

Environment Variables:
PATH=E:\123\venv\Scripts\;C:\Program Files\nodejs\;C:\WINDOWS\system32;C:\WINDOWS;C:\WINDOWS\System32\Wbem;C:\WINDOWS\System32\WindowsPowerShell\v1.0\;C:\WINDOWS\System32\OpenSSH\;C:\app_binaries\MinGW\bin;C:\Program Files\Git\cmd;C:\Program Files\Git LFS;C:\Program Files\Amazon\AWSCLI\;C:\app_binaries\mysql-8.0.21-winx64\bin;C:\Program Files\Java\jdk1.8.0_181\bin;C:\Program Files (x86)\Common Files\Oracle\Java\javapath;C:\Program Files (x86)\Java\jdk1.8.0_191\bin;C:\Program Files\Docker\Docker\resources\bin;C:\ProgramData\DockerDesktop\version-bin;C:\Program Files\apache-maven-3.6.3\bin;C:\Windows\System32;C:\Users\Admin\AppData\Roaming\npm;C:\Users\Admin\AppData\Local\Microsoft\WindowsApps;;C:\Users\Admin\AppData\Local\Programs\Microsoft VS Code\bin
USERNAME=Admin
OS=Windows_NT
PROCESSOR_IDENTIFIER=Intel64 Family 6 Model 78 Stepping 3, GenuineIntel



---------------  S Y S T E M  ---------------

OS: Windows 10.0 , 64 bit Build 18362 (10.0.18362.959)

CPU:total 4 (initial active 4) (2 cores per cpu, 2 threads per core) family 6 model 78 stepping 3, cmov, cx8, fxsr, mmx, sse, sse2, sse3, ssse3, sse4.1, sse4.2, popcnt, avx, avx2, aes, clmul, erms, 3dnowpref, lzcnt, ht, tsc, tscinvbit, bmi1, bmi2, adx

Memory: 4k page, physical 8303528k(772792k free), swap 27439524k(5172k free)

vm_info: Java HotSpot(TM) 64-Bit Server VM (25.181-b13) for windows-amd64 JRE (1.8.0_181-b13), built on Jul  7 2018 04:01:33 by "java_re" with MS VC++ 10.0 (VS2010)

time: Fri Aug 21 00:19:28 2020
elapsed time: 2 seconds (0d 0h 0m 2s)

